<?xml version="1.0" encoding="UTF-8"?>
<!-- Generated by org.testng.reporters.JUnitXMLReporter -->
<testsuite ignored="0" hostname="LAPTOP-PB6VVPBA" failures="0" tests="4" name="Command line test" time="0.019" errors="0" timestamp="01 Jan 2022 13:45:04 GMT">
  <testcase classname="seleniumproject.MavenProject.SampleTest" name="mobileSampleTest" time="0.004"/>
  <testcase classname="seleniumproject.MavenProject.SampleTest" name="mobileTestCase" time="0.0"/>
  <testcase classname="seleniumproject.MavenProject.SeleniumTest" name="SeleniumSampleTest" time="0.0"/>
  <testcase classname="seleniumproject.MavenProject.SeleniumTest" name="SeleniumTestCase" time="0.0"/>
</testsuite> <!-- Command line test -->
